{"numTotalTestSuites":211,"numPassedTestSuites":211,"numFailedTestSuites":0,"numPendingTestSuites":0,"numTotalTests":246,"numPassedTests":246,"numFailedTests":0,"numPendingTests":0,"numTodoTests":0,"startTime":1777644767281,"success":true,"testResults":[{"assertionResults":[{"ancestorTitles":["","supply-chain graph self-consistency"],"fullName":" supply-chain graph self-consistency every good consumed as a production input has at least one producer","status":"passed","title":"every good consumed as a production input has at least one producer","duration":3,"failureMessages":[]},{"ancestorTitles":["","supply-chain graph self-consistency"],"fullName":" supply-chain graph self-consistency every produced good either has a downstream consumer or is a final consumer good","status":"passed","title":"every produced good either has a downstream consumer or is a final consumer good","duration":1,"failureMessages":[]},{"ancestorTitles":["","supply-chain graph self-consistency"],"fullName":" supply-chain graph self-consistency 每条生产配方的产物与原料 goodsId 都在合法 goods 表中","status":"passed","title":"每条生产配方的产物与原料 goodsId 都在合法 goods 表中","duration":1,"failureMessages":[]},{"ancestorTitles":["","AI 部署后的产能/原料需求平衡"],"fullName":" AI 部署后的产能/原料需求平衡 每个商品至少有一个 AI 公司在生产或消费它（不存在“悬空商品”）","status":"passed","title":"每个商品至少有一个 AI 公司在生产或消费它（不存在“悬空商品”）","duration":2,"failureMessages":[]},{"ancestorTitles":["","AI 部署后的产能/原料需求平衡"],"fullName":" AI 部署后的产能/原料需求平衡 健康商品的部署供需比落在宽松健康区间 [0.05, 50]（极端不健康项已豁免）","status":"passed","title":"健康商品的部署供需比落在宽松健康区间 [0.05, 50]（极端不健康项已豁免）","duration":2,"failureMessages":[]},{"ancestorTitles":["","AI 部署后的产能/原料需求平衡"],"fullName":" AI 部署后的产能/原料需求平衡 所有商品的供需比都不应超过 1000:1 的极端阈值（含已知失衡项的兜底）","status":"passed","title":"所有商品的供需比都不应超过 1000:1 的极端阈值（含已知失衡项的兜底）","duration":4,"failureMessages":[]},{"ancestorTitles":["","已知失衡商品的回归基线"],"fullName":" 已知失衡商品的回归基线 每个已知失衡商品都至少有一处供给来源（彻底零产出会让市场无法自愈）","status":"passed","title":"每个已知失衡商品都至少有一处供给来源（彻底零产出会让市场无法自愈）","duration":1,"failureMessages":[]},{"ancestorTitles":["","已知失衡商品的回归基线"],"fullName":" 已知失衡商品的回归基线 已知失衡商品的供需比不得在当前基础上恶化超过 2 倍（防止平衡补丁误改放大问题）","status":"passed","title":"已知失衡商品的供需比不得在当前基础上恶化超过 2 倍（防止平衡补丁误改放大问题）","duration":1,"failureMessages":[]}],"startTime":1777644770162,"endTime":1777644770177,"status":"passed","message":"","name":"C:/supply-chain-commander-main/src/data/__tests__/supplyChainBalance.test.ts"},{"assertionResults":[{"ancestorTitles":["","usePlayerFinancialSummary"],"fullName":" usePlayerFinancialSummary returns total assets and liabilities from the shared financial snapshot","status":"passed","title":"returns total assets and liabilities from the shared financial snapshot","duration":8,"failureMessages":[]}],"startTime":1777644776162,"endTime":1777644776170,"status":"passed","message":"","name":"C:/supply-chain-commander-main/src/stores/__tests__/selectors.financialSummary.test.tsx"},{"assertionResults":[{"ancestorTitles":["","ConstructionManager regressions"],"fullName":" ConstructionManager regressions preserves fractional speed boosts in progressTicks","status":"passed","title":"preserves fractional speed boosts in progressTicks","duration":1,"failureMessages":[]}],"startTime":1777644777352,"endTime":1777644777353,"status":"passed","message":"","name":"C:/supply-chain-commander-main/src/core/construction/__tests__/ConstructionManager.regression.test.ts"},{"assertionResults":[{"ancestorTitles":["","construction queue production selection"],"fullName":" construction queue production selection applies the queued legacy output mode when the new building completes","status":"passed","title":"applies the queued legacy output mode when the new building completes","duration":7,"failureMessages":[]}],"startTime":1777644775743,"endTime":1777644775750,"status":"passed","message":"","name":"C:/supply-chain-commander-main/src/core/construction/__tests__/ConstructionTick.slotMethods.test.ts"},{"assertionResults":[{"ancestorTitles":["","construction time formatting in the day model"],"fullName":" construction time formatting in the day model converts legacy build times to day ticks and formats them without hours","status":"passed","title":"converts legacy build times to day ticks and formats them without hours","duration":1,"failureMessages":[]}],"startTime":1777644778226,"endTime":1777644778227,"status":"passed","message":"","name":"C:/supply-chain-commander-main/src/core/construction/__tests__/constructionTime.dayModel.test.ts"},{"assertionResults":[{"ancestorTitles":["","AIDecisionEngine market support capacity backfill"],"fullName":" AIDecisionEngine market support capacity backfill allows solvent mid-sized AI companies to backfill cold-goods capacity","status":"passed","title":"allows solvent mid-sized AI companies to backfill cold-goods capacity","duration":2246,"failureMessages":[]},{"ancestorTitles":["","AIDecisionEngine market support capacity backfill"],"fullName":" AIDecisionEngine market support capacity backfill adds backup capacity when a single active producer cannot satisfy cold-goods demand","status":"passed","title":"adds backup capacity when a single active producer cannot satisfy cold-goods demand","duration":481,"failureMessages":[]},{"ancestorTitles":["","AIDecisionEngine market support capacity backfill"],"fullName":" AIDecisionEngine market support capacity backfill does not treat already satisfied gross demand as cold-goods shortage pressure","status":"passed","title":"does not treat already satisfied gross demand as cold-goods shortage pressure","duration":612,"failureMessages":[]}],"startTime":1777644769455,"endTime":1777644772795,"status":"passed","message":"","name":"C:/supply-chain-commander-main/src/core/ai/__tests__/AIDecisionEngine.marketSupport.test.ts"},{"assertionResults":[{"ancestorTitles":["","AIDecisionEngine pricing day model"],"fullName":" AIDecisionEngine pricing day model does not trigger a clearance sale when inventory covers only 20 current-model days","status":"passed","title":"does not trigger a clearance sale when inventory covers only 20 current-model days","duration":4,"failureMessages":[]}],"startTime":1777644776461,"endTime":1777644776465,"status":"passed","message":"","name":"C:/supply-chain-commander-main/src/core/ai/__tests__/AIDecisionEngine.pricingDayModel.test.ts"},{"assertionResults":[{"ancestorTitles":["","AIDecisionEngine regressions"],"fullName":" AIDecisionEngine regressions allows mildly negative-cash AI to post self-rescue sell orders","status":"passed","title":"allows mildly negative-cash AI to post self-rescue sell orders","duration":19,"failureMessages":[]},{"ancestorTitles":["","AIDecisionEngine regressions"],"fullName":" AIDecisionEngine regressions caps producer sell orders so one AI listing cannot dump millions of tons at once","status":"passed","title":"caps producer sell orders so one AI listing cannot dump millions of tons at once","duration":19,"failureMessages":[]},{"ancestorTitles":["","AIDecisionEngine regressions"],"fullName":" AIDecisionEngine regressions does not keep buying steel when a parts factory already has a full steel buffer but is blocked by plastic","status":"passed","title":"does not keep buying steel when a parts factory already has a full steel buffer but is blocked by plastic","duration":28,"failureMessages":[]}],"startTime":1777644771474,"endTime":1777644771540,"status":"passed","message":"","name":"C:/supply-chain-commander-main/src/core/ai/__tests__/AIDecisionEngine.regression.test.ts"},{"assertionResults":[{"ancestorTitles":["","AIProductionOptimizer market analysis"],"fullName":" AIProductionOptimizer market analysis calculates inventory days with the current ticks-per-day model","status":"passed","title":"calculates inventory days with the current ticks-per-day model","duration":12,"failureMessages":[]}],"startTime":1777644774531,"endTime":1777644774543,"status":"passed","message":"","name":"C:/supply-chain-commander-main/src/core/ai/__tests__/AIProductionOptimizer.test.ts"},{"assertionResults":[{"ancestorTitles":["","MarketSupportGuard"],"fullName":" MarketSupportGuard requires repeated shortage observations before support is allowed","status":"passed","title":"requires repeated shortage observations before support is allowed","duration":1,"failureMessages":[]},{"ancestorTitles":["","MarketSupportGuard"],"fullName":" MarketSupportGuard blocks repeated interventions during cooldown and resets after recovery","status":"passed","title":"blocks repeated interventions during cooldown and resets after recovery","duration":2,"failureMessages":[]}],"startTime":1777644773550,"endTime":1777644773553,"status":"passed","message":"","name":"C:/supply-chain-commander-main/src/core/ai/__tests__/MarketSupportGuard.test.ts"},{"assertionResults":[{"ancestorTitles":["","PlayerAutoTrader day model"],"fullName":" PlayerAutoTrader day model posts a sell order for excess production inputs using the current day model","status":"passed","title":"posts a sell order for excess production inputs using the current day model","duration":29,"failureMessages":[]},{"ancestorTitles":["","PlayerAutoTrader day model"],"fullName":" PlayerAutoTrader day model takes an attractive buy order when inventory exceeds one current-model production day","status":"passed","title":"takes an attractive buy order when inventory exceeds one current-model production day","duration":15,"failureMessages":[]},{"ancestorTitles":["","PlayerAutoTrader day model"],"fullName":" PlayerAutoTrader day model keeps food inventory for owned retail delivery instead of auto-posting a sell order","status":"passed","title":"keeps food inventory for owned retail delivery instead of auto-posting a sell order","duration":138,"failureMessages":[]},{"ancestorTitles":["","PlayerAutoTrader day model"],"fullName":" PlayerAutoTrader day model does not take external buy orders with food inventory reserved for owned retail stores","status":"passed","title":"does not take external buy orders with food inventory reserved for owned retail stores","duration":56,"failureMessages":[]}],"startTime":1777644770495,"endTime":1777644770734,"status":"passed","message":"","name":"C:/supply-chain-commander-main/src/core/ai/__tests__/PlayerAutoTrader.dayModel.test.ts"},{"assertionResults":[{"ancestorTitles":["","PricePredictor technical indicators"],"fullName":" PricePredictor technical indicators tracks supply and demand trends across successive observations","status":"passed","title":"tracks supply and demand trends across successive observations","duration":8,"failureMessages":[]}],"startTime":1777644777530,"endTime":1777644777538,"status":"passed","message":"","name":"C:/supply-chain-commander-main/src/core/ai/__tests__/PricePredictor.technicalIndicators.test.ts"},{"assertionResults":[{"ancestorTitles":["","ZIPTrader convergence"],"fullName":" ZIPTrader convergence 卖方报价在市场偏高反馈下应抬升","status":"passed","title":"卖方报价在市场偏高反馈下应抬升","duration":22,"failureMessages":[]},{"ancestorTitles":["","ZIPTrader convergence"],"fullName":" ZIPTrader convergence 买方报价在市场偏低反馈下应下行","status":"passed","title":"买方报价在市场偏低反馈下应下行","duration":17,"failureMessages":[]},{"ancestorTitles":["","ZIPTrader convergence"],"fullName":" ZIPTrader convergence 报价始终被 limitPrice 约束（卖方不低于成本下界，买方不高于支付上限）","status":"passed","title":"报价始终被 limitPrice 约束（卖方不低于成本下界，买方不高于支付上限）","duration":36,"failureMessages":[]}],"startTime":1777644771218,"endTime":1777644771293,"status":"passed","message":"","name":"C:/supply-chain-commander-main/src/core/ai/__tests__/ZIPTrader.convergence.test.ts"},{"assertionResults":[{"ancestorTitles":["","china 2019 balance baseline regression guards"],"fullName":" china 2019 balance baseline regression guards keeps the China-2019 economy constants baseline","status":"passed","title":"keeps the China-2019 economy constants baseline","duration":4,"failureMessages":[]},{"ancestorTitles":["","china 2019 balance baseline regression guards"],"fullName":" china 2019 balance baseline regression guards keeps balance store defaults aligned with baseline constants","status":"passed","title":"keeps balance store defaults aligned with baseline constants","duration":1,"failureMessages":[]},{"ancestorTitles":["","china 2019 balance baseline regression guards"],"fullName":" china 2019 balance baseline regression guards keeps first available loan option in expected baseline rate band","status":"passed","title":"keeps first available loan option in expected baseline rate band","duration":117,"failureMessages":[]}],"startTime":1777644774573,"endTime":1777644774695,"status":"passed","message":"","name":"C:/supply-chain-commander-main/src/core/balance/__tests__/BalanceConfig.china2019Baseline.test.ts"},{"assertionResults":[{"ancestorTitles":["","china 2019 macro baseline regression guards"],"fullName":" china 2019 macro baseline regression guards keeps the business-cycle baseline aligned with China-2019 constants","status":"passed","title":"keeps the business-cycle baseline aligned with China-2019 constants","duration":3,"failureMessages":[]},{"ancestorTitles":["","china 2019 macro baseline regression guards"],"fullName":" china 2019 macro baseline regression guards keeps world warm-start logic while using China-2019 money conditions","status":"passed","title":"keeps world warm-start logic while using China-2019 money conditions","duration":192,"failureMessages":[]}],"startTime":1777644775831,"endTime":1777644776026,"status":"passed","message":"","name":"C:/supply-chain-commander-main/src/core/economy/__tests__/China2019MacroBaseline.test.ts"},{"assertionResults":[{"ancestorTitles":["","executeConsumerPurchases retail fallback"],"fullName":" executeConsumerPurchases retail fallback still buys uncovered consumer goods from the market when retail is active","status":"passed","title":"still buys uncovered consumer goods from the market when retail is active","duration":157,"failureMessages":[]},{"ancestorTitles":["","executeConsumerPurchases retail fallback"],"fullName":" executeConsumerPurchases retail fallback treats final consumer purchases as demand satisfaction, not new supply","status":"passed","title":"treats final consumer purchases as demand satisfaction, not new supply","duration":77,"failureMessages":[]}],"startTime":1777644771979,"endTime":1777644772213,"status":"passed","message":"","name":"C:/supply-chain-commander-main/src/core/economy/__tests__/ConsumerMarket.retailFallback.test.ts"},{"assertionResults":[{"ancestorTitles":["","DemandCurve budget share"],"fullName":" DemandCurve budget share derives budget share from consumer tier budgets instead of a fixed fallback","status":"passed","title":"derives budget share from consumer tier budgets instead of a fixed fallback","duration":63,"failureMessages":[]}],"startTime":1777644777903,"endTime":1777644777966,"status":"passed","message":"","name":"C:/supply-chain-commander-main/src/core/economy/__tests__/DemandCurve.budgetShare.test.ts"},{"assertionResults":[{"ancestorTitles":["","china 2019 demand profile regression guards"],"fullName":" china 2019 demand profile regression guards keeps consumer tier population structure","status":"passed","title":"keeps consumer tier population structure","duration":3,"failureMessages":[]},{"ancestorTitles":["","china 2019 demand profile regression guards"],"fullName":" china 2019 demand profile regression guards keeps food demand dominance over luxury jewelry demand","status":"passed","title":"keeps food demand dominance over luxury jewelry demand","duration":96,"failureMessages":[]},{"ancestorTitles":["","china 2019 demand profile regression guards"],"fullName":" china 2019 demand profile regression guards keeps fuel car demand ahead of electric car demand in the 2019 baseline","status":"passed","title":"keeps fuel car demand ahead of electric car demand in the 2019 baseline","duration":86,"failureMessages":[]}],"startTime":1777644773280,"endTime":1777644773465,"status":"passed","message":"","name":"C:/supply-chain-commander-main/src/core/economy/__tests__/DemandCurve.china2019Profile.test.ts"},{"assertionResults":[{"ancestorTitles":["","derived demand realism"],"fullName":" derived demand realism does not create upstream factory demand from inactive production templates","status":"passed","title":"does not create upstream factory demand from inactive production templates","duration":6,"failureMessages":[]},{"ancestorTitles":["","derived demand realism"],"fullName":" derived demand realism does not keep deriving steel demand for a blocked parts line whose steel buffer is already full","status":"passed","title":"does not keep deriving steel demand for a blocked parts line whose steel buffer is already full","duration":11,"failureMessages":[]},{"ancestorTitles":["","derived demand realism"],"fullName":" derived demand realism keeps generating replenishment demand for empty active input buffers even when downstream demand is temporarily zero","status":"passed","title":"keeps generating replenishment demand for empty active input buffers even when downstream demand is temporarily zero","duration":7,"failureMessages":[]}],"startTime":1777644771922,"endTime":1777644771946,"status":"passed","message":"","name":"C:/supply-chain-commander-main/src/core/economy/__tests__/DemandCurve.derivedDemand.test.ts"},{"assertionResults":[{"ancestorTitles":["","institutional demand mapping"],"fullName":" institutional demand mapping applies baseline demand to the intended institutional goods","status":"passed","title":"applies baseline demand to the intended institutional goods","duration":196,"failureMessages":[]},{"ancestorTitles":["","institutional demand mapping"],"fullName":" institutional demand mapping keeps institutional daily demand aligned with the current day tick model","status":"passed","title":"keeps institutional daily demand aligned with the current day tick model","duration":75,"failureMessages":[]}],"startTime":1777644774056,"endTime":1777644774328,"status":"passed","message":"","name":"C:/supply-chain-commander-main/src/core/economy/__tests__/DemandCurve.institutionalDemand.test.ts"},{"assertionResults":[{"ancestorTitles":["","DemandCurve systemic demand accounting"],"fullName":" DemandCurve systemic demand accounting preserves unmet non-consumer demand instead of resetting it to zero each tick","status":"passed","title":"preserves unmet non-consumer demand instead of resetting it to zero each tick","duration":6,"failureMessages":[]},{"ancestorTitles":["","DemandCurve systemic demand accounting"],"fullName":" DemandCurve systemic demand accounting adds operational electricity demand for active industrial buildings","status":"passed","title":"adds operational electricity demand for active industrial buildings","duration":4,"failureMessages":[]}],"startTime":1777644773828,"endTime":1777644773838,"status":"passed","message":"","name":"C:/supply-chain-commander-main/src/core/economy/__tests__/DemandCurve.systemicDemand.test.ts"},{"assertionResults":[{"ancestorTitles":["","MarketStats demand pressure bookkeeping"],"fullName":" MarketStats demand pressure bookkeeping reduces unmet demand pressure without mutating gross demand","status":"passed","title":"reduces unmet demand pressure without mutating gross demand","duration":74,"failureMessages":[]},{"ancestorTitles":["","MarketStats demand pressure bookkeeping"],"fullName":" MarketStats demand pressure bookkeeping seeds the current tick pressure from gross demand before the first satisfaction event","status":"passed","title":"seeds the current tick pressure from gross demand before the first satisfaction event","duration":52,"failureMessages":[]}],"startTime":1777644776789,"endTime":1777644776915,"status":"passed","message":"","name":"C:/supply-chain-commander-main/src/core/economy/__tests__/MarketStats.demandPressure.test.ts"},{"assertionResults":[{"ancestorTitles":["","MonthlyPriceTracker storage fallback"],"fullName":" MonthlyPriceTracker storage fallback initializes and resets without warning when localStorage is unavailable","status":"passed","title":"initializes and resets without warning when localStorage is unavailable","duration":6,"failureMessages":[]},{"ancestorTitles":["","MonthlyPriceTracker storage fallback"],"fullName":" MonthlyPriceTracker storage fallback reports monthly value from same-window trades instead of mixing hourly volume with 24h VWAP","status":"passed","title":"reports monthly value from same-window trades instead of mixing hourly volume with 24h VWAP","duration":17,"failureMessages":[]},{"ancestorTitles":["","MonthlyPriceTracker storage fallback"],"fullName":" MonthlyPriceTracker storage fallback keeps supply-demand ratio non-zero when actual trades occurred","status":"passed","title":"keeps supply-demand ratio non-zero when actual trades occurred","duration":5,"failureMessages":[]}],"startTime":1777644772003,"endTime":1777644772032,"status":"passed","message":"","name":"C:/supply-chain-commander-main/src/core/economy/__tests__/MonthlyPriceTracker.storageFallback.test.ts"},{"assertionResults":[{"ancestorTitles":["","PriceDataExporter"],"fullName":" PriceDataExporter exports percentages that recalculate from exported two-decimal prices","status":"passed","title":"exports percentages that recalculate from exported two-decimal prices","duration":2,"failureMessages":[]}],"startTime":1777644773597,"endTime":1777644773599,"status":"passed","message":"","name":"C:/supply-chain-commander-main/src/core/economy/__tests__/PriceDataExporter.test.ts"},{"assertionResults":[{"ancestorTitles":["","PriceEngine market-responsive bounds"],"fullName":" PriceEngine market-responsive bounds does not move prices from supply-demand pressure when there are no trades","status":"passed","title":"does not move prices from supply-demand pressure when there are no trades","duration":126,"failureMessages":[]},{"ancestorTitles":["","PriceEngine market-responsive bounds"],"fullName":" PriceEngine market-responsive bounds does not let trades older than one day keep moving prices","status":"passed","title":"does not let trades older than one day keep moving prices","duration":77,"failureMessages":[]},{"ancestorTitles":["","PriceEngine market-responsive bounds"],"fullName":" PriceEngine market-responsive bounds allows severe shortages to price above the old 3x hard cap","status":"passed","title":"allows severe shortages to price above the old 3x hard cap","duration":104,"failureMessages":[]},{"ancestorTitles":["","PriceEngine market-responsive bounds"],"fullName":" PriceEngine market-responsive bounds allows severe surpluses to price below the old 0.5x hard floor","status":"passed","title":"allows severe surpluses to price below the old 0.5x hard floor","duration":120,"failureMessages":[]},{"ancestorTitles":["","PriceEngine market-responsive bounds"],"fullName":" PriceEngine market-responsive bounds does not let changing dynamic bounds bypass the per-tick price change limit","status":"passed","title":"does not let changing dynamic bounds bypass the per-tick price change limit","duration":44,"failureMessages":[]}],"startTime":1777644771361,"endTime":1777644771833,"status":"passed","message":"","name":"C:/supply-chain-commander-main/src/core/economy/__tests__/PriceEngine.marketBounds.test.ts"},{"assertionResults":[{"ancestorTitles":["","processRetailDelivery"],"fullName":" processRetailDelivery moves only unreserved company inventory into retail stock","status":"passed","title":"moves only unreserved company inventory into retail stock","duration":110,"failureMessages":[]},{"ancestorTitles":["","processRetailDelivery"],"fullName":" processRetailDelivery does not deliver into an inactive retail store until reactivated","status":"passed","title":"does not deliver into an inactive retail store until reactivated","duration":55,"failureMessages":[]}],"startTime":1777644772851,"endTime":1777644773016,"status":"passed","message":"","name":"C:/supply-chain-commander-main/src/core/economy/__tests__/RetailDelivery.test.ts"},{"assertionResults":[{"ancestorTitles":["","updateRetailSystem retail sales activation"],"fullName":" updateRetailSystem retail sales activation keeps the starter player store dormant until the building is reactivated","status":"passed","title":"keeps the starter player store dormant until the building is reactivated","duration":218,"failureMessages":[]},{"ancestorTitles":["","updateRetailSystem retail sales activation"],"fullName":" updateRetailSystem retail sales activation starts consumer sales soon after a store receives stock","status":"passed","title":"starts consumer sales soon after a store receives stock","duration":187,"failureMessages":[]}],"startTime":1777644771872,"endTime":1777644772277,"status":"passed","message":"","name":"C:/supply-chain-commander-main/src/core/economy/__tests__/RetailSalesActivation.test.ts"},{"assertionResults":[{"ancestorTitles":["","RetailSystem consumer cadence"],"fullName":" RetailSystem consumer cadence sells all in-stock consumer goods with same-day demand on the same tick","status":"passed","title":"sells all in-stock consumer goods with same-day demand on the same tick","duration":235,"failureMessages":[]}],"startTime":1777644773235,"endTime":1777644773470,"status":"passed","message":"","name":"C:/supply-chain-commander-main/src/core/economy/__tests__/RetailSystem.consumptionCadence.test.ts"},{"assertionResults":[{"ancestorTitles":["","RetailSystem day-based cadence"],"fullName":" RetailSystem day-based cadence keeps current-day counters visible after a retail sales tick","status":"passed","title":"keeps current-day counters visible after a retail sales tick","duration":86,"failureMessages":[]},{"ancestorTitles":["","RetailSystem day-based cadence"],"fullName":" RetailSystem day-based cadence adjusts retail prices on each simulated day tick","status":"passed","title":"adjusts retail prices on each simulated day tick","duration":63,"failureMessages":[]}],"startTime":1777644771978,"endTime":1777644772128,"status":"passed","message":"","name":"C:/supply-chain-commander-main/src/core/economy/__tests__/RetailSystem.dayModel.test.ts"},{"assertionResults":[{"ancestorTitles":["","RetailSystem market realism"],"fullName":" RetailSystem market realism seeds allowed retail goods with a positive startup markup","status":"passed","title":"seeds allowed retail goods with a positive startup markup","duration":107,"failureMessages":[]},{"ancestorTitles":["","RetailSystem market realism"],"fullName":" RetailSystem market realism restores zeroed retail markup from the configured midpoint on the next price tick","status":"passed","title":"restores zeroed retail markup from the configured midpoint on the next price tick","duration":53,"failureMessages":[]},{"ancestorTitles":["","RetailSystem market realism"],"fullName":" RetailSystem market realism keeps automatic markdowns at or above the configured minimum markup","status":"passed","title":"keeps automatic markdowns at or above the configured minimum markup","duration":67,"failureMessages":[]},{"ancestorTitles":["","RetailSystem market realism"],"fullName":" RetailSystem market realism registers runtime retail stores with zero stock by default","status":"passed","title":"registers runtime retail stores with zero stock by default","duration":42,"failureMessages":[]},{"ancestorTitles":["","RetailSystem market realism"],"fullName":" RetailSystem market realism only seeds startup inventory when an explicit bootstrap ratio is provided","status":"passed","title":"only seeds startup inventory when an explicit bootstrap ratio is provided","duration":67,"failureMessages":[]},{"ancestorTitles":["","RetailSystem market realism"],"fullName":" RetailSystem market realism anchors automatic retail pricing to purchase cost before base price","status":"passed","title":"anchors automatic retail pricing to purchase cost before base price","duration":41,"failureMessages":[]},{"ancestorTitles":["","RetailSystem market realism"],"fullName":" RetailSystem market realism falls back to live market price when purchase cost is unavailable","status":"passed","title":"falls back to live market price when purchase cost is unavailable","duration":43,"failureMessages":[]},{"ancestorTitles":["","RetailSystem market realism"],"fullName":" RetailSystem market realism does not rewrite wholesale market price during direct retail restocking","status":"passed","title":"does not rewrite wholesale market price during direct retail restocking","duration":45,"failureMessages":[]},{"ancestorTitles":["","RetailSystem market realism"],"fullName":" RetailSystem market realism records retail sales as final consumption instead of new market supply","status":"passed","title":"records retail sales as final consumption instead of new market supply","duration":41,"failureMessages":[]},{"ancestorTitles":["","RetailSystem market realism"],"fullName":" RetailSystem market realism does not consume retail inventory or record sales when households cannot pay","status":"passed","title":"does not consume retail inventory or record sales when households cannot pay","duration":38,"failureMessages":[]},{"ancestorTitles":["","RetailSystem market realism"],"fullName":" RetailSystem market realism does not route same-day demand to an extremely overpriced store when cheaper stock is available","status":"passed","title":"does not route same-day demand to an extremely overpriced store when cheaper stock is available","duration":31,"failureMessages":[]},{"ancestorTitles":["","RetailSystem market realism"],"fullName":" RetailSystem market realism does not refill zero-sales retail stock close to full capacity","status":"passed","title":"does not refill zero-sales retail stock close to full capacity","duration":59,"failureMessages":[]}],"startTime":1777644770294,"endTime":1777644770928,"status":"passed","message":"","name":"C:/supply-chain-commander-main/src/core/economy/__tests__/RetailSystem.marketRealism.test.ts"},{"assertionResults":[{"ancestorTitles":["","RetailSystem player revenue tracking"],"fullName":" RetailSystem player revenue tracking reports player retail revenue for each retail tick","status":"passed","title":"reports player retail revenue for each retail tick","duration":5011,"failureMessages":[]}],"startTime":1777644774357,"endTime":1777644779368,"status":"passed","message":"","name":"C:/supply-chain-commander-main/src/core/economy/__tests__/RetailSystem.playerRevenue.test.ts"},{"assertionResults":[{"ancestorTitles":["","SubstitutionSystem goods domain"],"fullName":" SubstitutionSystem goods domain defines substitution and complement relations only within the active goods catalog","status":"passed","title":"defines substitution and complement relations only within the active goods catalog","duration":2,"failureMessages":[]}],"startTime":1777644778230,"endTime":1777644778232,"status":"passed","message":"","name":"C:/supply-chain-commander-main/src/core/economy/__tests__/SubstitutionSystem.goodsDomain.test.ts"},{"assertionResults":[{"ancestorTitles":["","SupplyContractManager.calculateContractValue"],"fullName":" SupplyContractManager.calculateContractValue falls back to agreedPrice when delivered quantity is zero","status":"passed","title":"falls back to agreedPrice when delivered quantity is zero","duration":2,"failureMessages":[]}],"startTime":1777644777285,"endTime":1777644777287,"status":"passed","message":"","name":"C:/supply-chain-commander-main/src/core/economy/__tests__/SupplyContracts.contractValue.test.ts"},{"assertionResults":[{"ancestorTitles":["","SupplyContractManager settlement"],"fullName":" SupplyContractManager settlement transfers inventory and cash when a scheduled contract delivery clears","status":"passed","title":"transfers inventory and cash when a scheduled contract delivery clears","duration":8,"failureMessages":[]},{"ancestorTitles":["","SupplyContractManager settlement"],"fullName":" SupplyContractManager settlement settles partial deliveries and charges the supplier for contractual shortfalls","status":"passed","title":"settles partial deliveries and charges the supplier for contractual shortfalls","duration":4,"failureMessages":[]},{"ancestorTitles":["","SupplyContractManager settlement"],"fullName":" SupplyContractManager settlement limits delivery by buyer liquidity and charges the buyer for failing the minimum take","status":"passed","title":"limits delivery by buyer liquidity and charges the buyer for failing the minimum take","duration":6,"failureMessages":[]}],"startTime":1777644770973,"endTime":1777644770994,"status":"passed","message":"","name":"C:/supply-chain-commander-main/src/core/economy/__tests__/SupplyContracts.settlement.test.ts"},{"assertionResults":[{"ancestorTitles":["","AcquisitionSystem valuation"],"fullName":" AcquisitionSystem valuation includes net debt in enterprise value instead of assuming zero debt","status":"passed","title":"includes net debt in enterprise value instead of assuming zero debt","duration":4,"failureMessages":[]}],"startTime":1777644777679,"endTime":1777644777683,"status":"passed","message":"","name":"C:/supply-chain-commander-main/src/core/finance/__tests__/AcquisitionSystem.valuation.test.ts"},{"assertionResults":[{"ancestorTitles":["","BankingSystem day-model terms"],"fullName":" BankingSystem day-model terms keeps loan terms expressed in business-facing days","status":"passed","title":"keeps loan terms expressed in business-facing days","duration":130,"failureMessages":[]}],"startTime":1777644777292,"endTime":1777644777422,"status":"passed","message":"","name":"C:/supply-chain-commander-main/src/core/finance/__tests__/BankingSystem.dayModel.test.ts"},{"assertionResults":[{"ancestorTitles":["","BankingSystem regressions"],"fullName":" BankingSystem regressions does not increase principal when a custom payment is below interest","status":"passed","title":"does not increase principal when a custom payment is below interest","duration":134,"failureMessages":[]},{"ancestorTitles":["","BankingSystem regressions"],"fullName":" BankingSystem regressions counts missed payments by overdue months instead of per tick","status":"passed","title":"counts missed payments by overdue months instead of per tick","duration":66,"failureMessages":[]},{"ancestorTitles":["","BankingSystem regressions"],"fullName":" BankingSystem regressions keeps company liabilities aligned with the outstanding loan balance through amortization and prepayment","status":"passed","title":"keeps company liabilities aligned with the outstanding loan balance through amortization and prepayment","duration":93,"failureMessages":[]}],"startTime":1777644772668,"endTime":1777644772961,"status":"passed","message":"","name":"C:/supply-chain-commander-main/src/core/finance/__tests__/BankingSystem.regression.test.ts"},{"assertionResults":[{"ancestorTitles":["","BankruptcyResolution auctions"],"fullName":" BankruptcyResolution auctions sells a building lot to the highest confirmed bidder without transferring old debt","status":"passed","title":"sells a building lot to the highest confirmed bidder without transferring old debt","duration":20,"failureMessages":[]},{"ancestorTitles":["","BankruptcyResolution auctions"],"fullName":" BankruptcyResolution auctions moves a winning strategy bid into pending confirmation and finalizes after manual confirm","status":"passed","title":"moves a winning strategy bid into pending confirmation and finalizes after manual confirm","duration":23,"failureMessages":[]},{"ancestorTitles":["","BankruptcyResolution auctions"],"fullName":" BankruptcyResolution auctions requires manual confirmation when an automatic player bid wins and falls back on timeout","status":"passed","title":"requires manual confirmation when an automatic player bid wins and falls back on timeout","duration":6,"failureMessages":[]},{"ancestorTitles":["","BankruptcyResolution auctions"],"fullName":" BankruptcyResolution auctions reopens an unsold building once at a discount and destroys it after a second failed round","status":"passed","title":"reopens an unsold building once at a discount and destroys it after a second failed round","duration":6,"failureMessages":[]}],"startTime":1777644770314,"endTime":1777644770372,"status":"passed","message":"","name":"C:/supply-chain-commander-main/src/core/finance/__tests__/BankruptcyResolution.auction.test.ts"},{"assertionResults":[{"ancestorTitles":["","BankruptcyResolution lifecycle"],"fullName":" BankruptcyResolution lifecycle exposes required contract types and literal values","status":"passed","title":"exposes required contract types and literal values","duration":17,"failureMessages":[]},{"ancestorTitles":["","BankruptcyResolution lifecycle"],"fullName":" BankruptcyResolution lifecycle creates a frozen bankruptcy event with building and inventory auction lots","status":"passed","title":"creates a frozen bankruptcy event with building and inventory auction lots","duration":35,"failureMessages":[]},{"ancestorTitles":["","BankruptcyResolution lifecycle"],"fullName":" BankruptcyResolution lifecycle returns notify-only as the default player strategy","status":"passed","title":"returns notify-only as the default player strategy","duration":14,"failureMessages":[]},{"ancestorTitles":["","BankruptcyResolution lifecycle"],"fullName":" BankruptcyResolution lifecycle cancels open market orders and breaches long-term contracts when the event opens","status":"passed","title":"cancels open market orders and breaches long-term contracts when the event opens","duration":13,"failureMessages":[]},{"ancestorTitles":["","BankruptcyResolution lifecycle"],"fullName":" BankruptcyResolution lifecycle settles the estate, delists the stock, and restores the company only after cooldown","status":"passed","title":"settles the estate, delists the stock, and restores the company only after cooldown","duration":18,"failureMessages":[]}],"startTime":1777644770315,"endTime":1777644770412,"status":"passed","message":"","name":"C:/supply-chain-commander-main/src/core/finance/__tests__/BankruptcyResolution.lifecycle.test.ts"},{"assertionResults":[{"ancestorTitles":["","getCompanyProfile"],"fullName":" getCompanyProfile reuses the shared asset breakdown instead of calculating separate asset values","status":"passed","title":"reuses the shared asset breakdown instead of calculating separate asset values","duration":2,"failureMessages":[]}],"startTime":1777644773914,"endTime":1777644773916,"status":"passed","message":"","name":"C:/supply-chain-commander-main/src/core/finance/__tests__/CompanyProfile.test.ts"},{"assertionResults":[{"ancestorTitles":["","FinancialHistory helpers"],"fullName":" FinancialHistory helpers sums profit by tick window instead of raw history entry count","status":"passed","title":"sums profit by tick window instead of raw history entry count","duration":2,"failureMessages":[]},{"ancestorTitles":["","FinancialHistory helpers"],"fullName":" FinancialHistory helpers calculates deltas from cumulative values and handles daily resets","status":"passed","title":"calculates deltas from cumulative values and handles daily resets","duration":2,"failureMessages":[]}],"startTime":1777644777508,"endTime":1777644777512,"status":"passed","message":"","name":"C:/supply-chain-commander-main/src/core/finance/__tests__/FinancialHistory.test.ts"},{"assertionResults":[{"ancestorTitles":["","FinancialSnapshot"],"fullName":" FinancialSnapshot builds a single asset breakdown shared by player UI and company profile","status":"passed","title":"builds a single asset breakdown shared by player UI and company profile","duration":2,"failureMessages":[]},{"ancestorTitles":["","FinancialSnapshot"],"fullName":" FinancialSnapshot derives daily and cumulative financial values from financial history instead of raw trades","status":"passed","title":"derives daily and cumulative financial values from financial history instead of raw trades","duration":1,"failureMessages":[]},{"ancestorTitles":["","FinancialSnapshot"],"fullName":" FinancialSnapshot returns an all-zero snapshot when world data is unavailable","status":"passed","title":"returns an all-zero snapshot when world data is unavailable","duration":0,"failureMessages":[]}],"startTime":1777644772829,"endTime":1777644772832,"status":"passed","message":"","name":"C:/supply-chain-commander-main/src/core/finance/__tests__/FinancialSnapshot.test.ts"},{"assertionResults":[{"ancestorTitles":["","FuturesMarket settlement"],"fullName":" FuturesMarket settlement creates agricultural and metal contracts on the actual goods ids","status":"passed","title":"creates agricultural and metal contracts on the actual goods ids","duration":2,"failureMessages":[]},{"ancestorTitles":["","FuturesMarket settlement"],"fullName":" FuturesMarket settlement freezes initial margin on entry and releases it with final pnl at expiry","status":"passed","title":"freezes initial margin on entry and releases it with final pnl at expiry","duration":6,"failureMessages":[]},{"ancestorTitles":["","FuturesMarket settlement"],"fullName":" FuturesMarket settlement rejects orders when the company cannot post the required margin","status":"passed","title":"rejects orders when the company cannot post the required margin","duration":2,"failureMessages":[]}],"startTime":1777644772813,"endTime":1777644772823,"status":"passed","message":"","name":"C:/supply-chain-commander-main/src/core/finance/__tests__/FuturesMarket.settlement.test.ts"},{"assertionResults":[{"ancestorTitles":["","OperatingCosts"],"fullName":" OperatingCosts calculates per-tick maintenance, labor, energy from building base costs + recipe energy delta","status":"passed","title":"calculates per-tick maintenance, labor, energy from building base costs + recipe energy delta","duration":7,"failureMessages":[]},{"ancestorTitles":["","OperatingCosts"],"fullName":" OperatingCosts deducts recurring operating costs from company cash","status":"passed","title":"deducts recurring operating costs from company cash","duration":3,"failureMessages":[]},{"ancestorTitles":["","OperatingCosts"],"fullName":" OperatingCosts ignores inactive buildings when calculating recurring operating costs","status":"passed","title":"ignores inactive buildings when calculating recurring operating costs","duration":4,"failureMessages":[]}],"startTime":1777644770458,"endTime":1777644770472,"status":"passed","message":"","name":"C:/supply-chain-commander-main/src/core/finance/__tests__/OperatingCosts.test.ts"},{"assertionResults":[{"ancestorTitles":["","StockMarket day-based cadence"],"fullName":" StockMarket day-based cadence resets OHLC and daily volume after one simulated day tick","status":"passed","title":"resets OHLC and daily volume after one simulated day tick","duration":157,"failureMessages":[]}],"startTime":1777644776366,"endTime":1777644776523,"status":"passed","message":"","name":"C:/supply-chain-commander-main/src/core/finance/__tests__/StockMarket.dayModel.test.ts"},{"assertionResults":[{"ancestorTitles":["","initiateIPO"],"fullName":" initiateIPO provides IPO preview guidance for price range and expected subscription","status":"passed","title":"provides IPO preview guidance for price range and expected subscription","duration":24,"failureMessages":[]},{"ancestorTitles":["","initiateIPO"],"fullName":" initiateIPO rejects wildly overpriced IPOs without minting cash","status":"passed","title":"rejects wildly overpriced IPOs without minting cash","duration":18,"failureMessages":[]},{"ancestorTitles":["","initiateIPO"],"fullName":" initiateIPO fails when the offering cannot be fully subscribed by real buyers","status":"passed","title":"fails when the offering cannot be fully subscribed by real buyers","duration":13,"failureMessages":[]},{"ancestorTitles":["","initiateIPO"],"fullName":" initiateIPO sets IPO quote fields from the offering price after a successful listing","status":"passed","title":"sets IPO quote fields from the offering price after a successful listing","duration":5,"failureMessages":[]}],"startTime":1777644771239,"endTime":1777644771299,"status":"passed","message":"","name":"C:/supply-chain-commander-main/src/core/finance/__tests__/StockMarket.ipo.test.ts"},{"assertionResults":[{"ancestorTitles":["","LLMConfig storage fallback"],"fullName":" LLMConfig storage fallback uses defaults without logging storage errors when localStorage is unavailable","status":"passed","title":"uses defaults without logging storage errors when localStorage is unavailable","duration":3,"failureMessages":[]}],"startTime":1777644777796,"endTime":1777644777799,"status":"passed","message":"","name":"C:/supply-chain-commander-main/src/core/llm/__tests__/LLMConfig.storageFallback.test.ts"},{"assertionResults":[{"ancestorTitles":["","GameLoop bankruptcy liquidation"],"fullName":" GameLoop bankruptcy liquidation freezes bankrupt AI companies instead of auto-selling their assets to the player or another AI","status":"passed","title":"freezes bankrupt AI companies instead of auto-selling their assets to the player or another AI","duration":4535,"failureMessages":[]},{"ancestorTitles":["","GameLoop bankruptcy liquidation"],"fullName":" GameLoop bankruptcy liquidation does not create duplicate active bankruptcy events for the same company","status":"passed","title":"does not create duplicate active bankruptcy events for the same company","duration":1502,"failureMessages":[]},{"ancestorTitles":["","GameLoop bankruptcy liquidation"],"fullName":" GameLoop bankruptcy liquidation ignores inactive bankruptcy-frozen buildings in monthly cash insolvency checks","status":"passed","title":"ignores inactive bankruptcy-frozen buildings in monthly cash insolvency checks","duration":1203,"failureMessages":[]},{"ancestorTitles":["","GameLoop bankruptcy liquidation"],"fullName":" GameLoop bankruptcy liquidation uses live assets instead of stale company totals when checking balance-sheet insolvency","status":"passed","title":"uses live assets instead of stale company totals when checking balance-sheet insolvency","duration":568,"failureMessages":[]},{"ancestorTitles":["","GameLoop bankruptcy liquidation"],"fullName":" GameLoop bankruptcy liquidation prevents duplicate events when openEvent is called repeatedly for the same company","status":"passed","title":"prevents duplicate events when openEvent is called repeatedly for the same company","duration":450,"failureMessages":[]},{"ancestorTitles":["","GameLoop bankruptcy liquidation"],"fullName":" GameLoop bankruptcy liquidation keeps console spies active for each test run","status":"passed","title":"keeps console spies active for each test run","duration":0,"failureMessages":[]},{"ancestorTitles":["","GameLoop bankruptcy liquidation"],"fullName":" GameLoop bankruptcy liquidation gives players a longer bidding window when bankruptcy auctions open","status":"passed","title":"gives players a longer bidding window when bankruptcy auctions open","duration":649,"failureMessages":[]}],"startTime":1777644769457,"endTime":1777644778364,"status":"passed","message":"","name":"C:/supply-chain-commander-main/src/core/loop/__tests__/GameLoop.bankruptcyLiquidation.test.ts"},{"assertionResults":[{"ancestorTitles":["","GameLoop day-model cadence"],"fullName":" GameLoop day-model cadence updates GDP after the first full simulated day instead of waiting for 24 hourly ticks","status":"passed","title":"updates GDP after the first full simulated day instead of waiting for 24 hourly ticks","duration":550,"failureMessages":[]}],"startTime":1777644777852,"endTime":1777644778402,"status":"passed","message":"","name":"C:/supply-chain-commander-main/src/core/loop/__tests__/GameLoop.dayModel.test.ts"},{"assertionResults":[{"ancestorTitles":["","GameLoop opening economy stability"],"fullName":" GameLoop opening economy stability starts with zero GDP before the first simulated day is processed","status":"passed","title":"starts with zero GDP before the first simulated day is processed","duration":272,"failureMessages":[]},{"ancestorTitles":["","GameLoop opening economy stability"],"fullName":" GameLoop opening economy stability keeps the AI economy liquid through the opening 15 days","status":"passed","title":"keeps the AI economy liquid through the opening 15 days","duration":4463,"failureMessages":[]}],"startTime":1777644771316,"endTime":1777644776051,"status":"passed","message":"","name":"C:/supply-chain-commander-main/src/core/loop/__tests__/GameLoop.economyStability.test.ts"},{"assertionResults":[{"ancestorTitles":["","GameLoop GDP final-demand accounting"],"fullName":" GameLoop GDP final-demand accounting annualizes only final-demand buffers and ignores general trade turnover","status":"passed","title":"annualizes only final-demand buffers and ignores general trade turnover","duration":828,"failureMessages":[]},{"ancestorTitles":["","GameLoop GDP final-demand accounting"],"fullName":" GameLoop GDP final-demand accounting keeps the rolling average based on final-demand window entries only","status":"passed","title":"keeps the rolling average based on final-demand window entries only","duration":351,"failureMessages":[]}],"startTime":1777644773221,"endTime":1777644774400,"status":"passed","message":"","name":"C:/supply-chain-commander-main/src/core/loop/__tests__/GameLoop.gdpFinalDemand.test.ts"},{"assertionResults":[{"ancestorTitles":["","GameLoop long-run market balance"],"fullName":" GameLoop long-run market balance contains zero-supply and insolvency drift through 720 ticks (seed=1)","status":"passed","title":"contains zero-supply and insolvency drift through 720 ticks (seed=1)","duration":29276,"failureMessages":[]},{"ancestorTitles":["","GameLoop long-run market balance"],"fullName":" GameLoop long-run market balance contains zero-supply and insolvency drift through 720 ticks (seed=42)","status":"passed","title":"contains zero-supply and insolvency drift through 720 ticks (seed=42)","duration":22929,"failureMessages":[]},{"ancestorTitles":["","GameLoop long-run market balance"],"fullName":" GameLoop long-run market balance contains zero-supply and insolvency drift through 720 ticks (seed=1337)","status":"passed","title":"contains zero-supply and insolvency drift through 720 ticks (seed=1337)","duration":21088,"failureMessages":[]}],"startTime":1777644773218,"endTime":1777644846511,"status":"passed","message":"","name":"C:/supply-chain-commander-main/src/core/loop/__tests__/GameLoop.marketBalanceRegression.test.ts"},{"assertionResults":[{"ancestorTitles":["","GameLoop market coverage"],"fullName":" GameLoop market coverage activates the previously cold medical and premium supply chains within 360 ticks","status":"passed","title":"activates the previously cold medical and premium supply chains within 360 ticks","duration":15200,"failureMessages":[]}],"startTime":1777644774431,"endTime":1777644789631,"status":"passed","message":"","name":"C:/supply-chain-commander-main/src/core/loop/__tests__/GameLoop.marketCoverage.test.ts"},{"assertionResults":[{"ancestorTitles":["","GameLoop price CSV market regression"],"fullName":" GameLoop price CSV market regression exports a current-month CSV that can be used to audit market and economy invariants","status":"passed","title":"exports a current-month CSV that can be used to audit market and economy invariants","duration":7066,"failureMessages":[]}],"startTime":1777644770251,"endTime":1777644777317,"status":"passed","message":"","name":"C:/supply-chain-commander-main/src/core/loop/__tests__/GameLoop.priceCsvRegression.test.ts"},{"assertionResults":[{"ancestorTitles":["","GameLoop retail liquidity regression"],"fullName":" GameLoop retail liquidity regression keeps household cash from hoarding while firms stay liquid through year 3","status":"passed","title":"keeps household cash from hoarding while firms stay liquid through year 3","duration":44742,"failureMessages":[]}],"startTime":1777644773436,"endTime":1777644818178,"status":"passed","message":"","name":"C:/supply-chain-commander-main/src/core/loop/__tests__/GameLoop.retailLiquidityRegression.test.ts"},{"assertionResults":[{"ancestorTitles":["","GameLoop retail smoke"],"fullName":" GameLoop retail smoke produces market trades and retail sales within 100 ticks","status":"passed","title":"produces market trades and retail sales within 100 ticks","duration":6949,"failureMessages":[]},{"ancestorTitles":["","GameLoop retail smoke"],"fullName":" GameLoop retail smoke publishes per-tick retail sales and revenue into economy stats","status":"passed","title":"publishes per-tick retail sales and revenue into economy stats","duration":255,"failureMessages":[]}],"startTime":1777644772423,"endTime":1777644779627,"status":"passed","message":"","name":"C:/supply-chain-commander-main/src/core/loop/__tests__/GameLoop.retailSmoke.test.ts"},{"assertionResults":[{"ancestorTitles":["","MatchingEngine price formation"],"fullName":" MatchingEngine price formation uses the bid-ask midpoint instead of whichever stale order arrived first","status":"passed","title":"uses the bid-ask midpoint instead of whichever stale order arrived first","duration":18,"failureMessages":[]}],"startTime":1777644776621,"endTime":1777644776639,"status":"passed","message":"","name":"C:/supply-chain-commander-main/src/core/market/__tests__/MatchingEngine.priceFormation.test.ts"},{"assertionResults":[{"ancestorTitles":["","OrderBook reset"],"fullName":" OrderBook reset clears order book index entries when resetting the order pool","status":"passed","title":"clears order book index entries when resetting the order pool","duration":29,"failureMessages":[]},{"ancestorTitles":["","OrderBook reset"],"fullName":" OrderBook reset uses day-model default expiries instead of legacy hourly durations","status":"passed","title":"uses day-model default expiries instead of legacy hourly durations","duration":12,"failureMessages":[]},{"ancestorTitles":["","OrderBook reset"],"fullName":" OrderBook reset normalizes incoming order prices around current market instead of admitting extreme quotes","status":"passed","title":"normalizes incoming order prices around current market instead of admitting extreme quotes","duration":22,"failureMessages":[]},{"ancestorTitles":["","OrderBook reset"],"fullName":" OrderBook reset reserves cash using the normalized book price instead of the rejected extreme quote","status":"passed","title":"reserves cash using the normalized book price instead of the rejected extreme quote","duration":13,"failureMessages":[]},{"ancestorTitles":["","OrderBook reset"],"fullName":" OrderBook reset does not merge far-away prices into stale orders when per-company order count is high","status":"passed","title":"does not merge far-away prices into stale orders when per-company order count is high","duration":39,"failureMessages":[]}],"startTime":1777644771837,"endTime":1777644771953,"status":"passed","message":"","name":"C:/supply-chain-commander-main/src/core/market/__tests__/OrderBook.reset.test.ts"},{"assertionResults":[{"ancestorTitles":["","trade ledger and order finalization"],"fullName":" trade ledger and order finalization preserves negative provenance ids in trade history","status":"passed","title":"preserves negative provenance ids in trade history","duration":17,"failureMessages":[]},{"ancestorTitles":["","trade ledger and order finalization"],"fullName":" trade ledger and order finalization removes filled orders from active views and active-order indices","status":"passed","title":"removes filled orders from active views and active-order indices","duration":20,"failureMessages":[]},{"ancestorTitles":["","trade ledger and order finalization"],"fullName":" trade ledger and order finalization does not double count wrapped ring-buffer trades in market stats","status":"passed","title":"does not double count wrapped ring-buffer trades in market stats","duration":24,"failureMessages":[]}],"startTime":1777644772720,"endTime":1777644772781,"status":"passed","message":"","name":"C:/supply-chain-commander-main/src/core/market/__tests__/TradeLedger.test.ts"},{"assertionResults":[{"ancestorTitles":["","EventTracker day-based month grouping"],"fullName":" EventTracker day-based month grouping archives events into day-based months instead of 24-tick hourly months","status":"passed","title":"archives events into day-based months instead of 24-tick hourly months","duration":3,"failureMessages":[]},{"ancestorTitles":["","EventTracker day-based month grouping"],"fullName":" EventTracker day-based month grouping cleans up history older than twelve day-based months","status":"passed","title":"cleans up history older than twelve day-based months","duration":0,"failureMessages":[]}],"startTime":1777644776741,"endTime":1777644776745,"status":"passed","message":"","name":"C:/supply-chain-commander-main/src/core/news/__tests__/EventTracker.dayModel.test.ts"},{"assertionResults":[{"ancestorTitles":["","NewsGenerator day-based cadence"],"fullName":" NewsGenerator day-based cadence captures snapshots on the first day of odd-numbered months","status":"passed","title":"captures snapshots on the first day of odd-numbered months","duration":1,"failureMessages":[]},{"ancestorTitles":["","NewsGenerator day-based cadence"],"fullName":" NewsGenerator day-based cadence generates reports on odd-month openings without relying on hour ticks","status":"passed","title":"generates reports on odd-month openings without relying on hour ticks","duration":1,"failureMessages":[]}],"startTime":1777644777745,"endTime":1777644777747,"status":"passed","message":"","name":"C:/supply-chain-commander-main/src/core/news/__tests__/NewsGenerator.dayModel.test.ts"},{"assertionResults":[{"ancestorTitles":["","shouldGenerateNews with settings gate"],"fullName":" shouldGenerateNews with settings gate skips automatic news generation when the setting is disabled","status":"passed","title":"skips automatic news generation when the setting is disabled","duration":2,"failureMessages":[]},{"ancestorTitles":["","shouldGenerateNews with settings gate"],"fullName":" shouldGenerateNews with settings gate keeps the existing odd-month first-day schedule when enabled","status":"passed","title":"keeps the existing odd-month first-day schedule when enabled","duration":0,"failureMessages":[]}],"startTime":1777644778231,"endTime":1777644778233,"status":"passed","message":"","name":"C:/supply-chain-commander-main/src/core/news/__tests__/NewsGenerator.settings.test.ts"},{"assertionResults":[{"ancestorTitles":["","NewsStore storage fallback"],"fullName":" NewsStore storage fallback uses in-memory history without logging storage errors when localStorage is unavailable","status":"passed","title":"uses in-memory history without logging storage errors when localStorage is unavailable","duration":4,"failureMessages":[]},{"ancestorTitles":["","NewsStore storage fallback"],"fullName":" NewsStore storage fallback marks news as read without logging storage errors when localStorage is unavailable","status":"passed","title":"marks news as read without logging storage errors when localStorage is unavailable","duration":5,"failureMessages":[]}],"startTime":1777644773730,"endTime":1777644773740,"status":"passed","message":"","name":"C:/supply-chain-commander-main/src/core/news/__tests__/NewsStore.storageFallback.test.ts"},{"assertionResults":[{"ancestorTitles":["","SaveManager bankruptcy snapshot"],"fullName":" SaveManager bankruptcy snapshot round-trips active bankruptcy events and player strategy settings through save data","status":"passed","title":"round-trips active bankruptcy events and player strategy settings through save data","duration":8,"failureMessages":[]}],"startTime":1777644774556,"endTime":1777644774564,"status":"passed","message":"","name":"C:/supply-chain-commander-main/src/core/save/__tests__/SaveManager.bankruptcyResolution.test.ts"},{"assertionResults":[{"ancestorTitles":["","SaveManager news-generation settings"],"fullName":" SaveManager news-generation settings defaults newsGenerationEnabled to true for fresh settings","status":"passed","title":"defaults newsGenerationEnabled to true for fresh settings","duration":2,"failureMessages":[]},{"ancestorTitles":["","SaveManager news-generation settings"],"fullName":" SaveManager news-generation settings preserves an explicitly disabled newsGenerationEnabled setting","status":"passed","title":"preserves an explicitly disabled newsGenerationEnabled setting","duration":0,"failureMessages":[]}],"startTime":1777644776284,"endTime":1777644776286,"status":"passed","message":"","name":"C:/supply-chain-commander-main/src/core/save/__tests__/SaveManager.newsSettings.test.ts"},{"assertionResults":[{"ancestorTitles":["","SaveManager production-control persistence"],"fullName":" SaveManager production-control persistence round-trips production-control mode and manual target fields","status":"passed","title":"round-trips production-control mode and manual target fields","duration":12,"failureMessages":[]},{"ancestorTitles":["","SaveManager production-control persistence"],"fullName":" SaveManager production-control persistence legacy payloads backfill manual targets from current efficiency and default to auto mode","status":"passed","title":"legacy payloads backfill manual targets from current efficiency and default to auto mode","duration":4,"failureMessages":[]},{"ancestorTitles":["","SaveManager production-control persistence"],"fullName":" SaveManager production-control persistence partial-legacy payload preserves manual live efficiency when backfilling missing manual targets","status":"passed","title":"partial-legacy payload preserves manual live efficiency when backfilling missing manual targets","duration":13,"failureMessages":[]},{"ancestorTitles":["","SaveManager production-control persistence"],"fullName":" SaveManager production-control persistence round-trips oversupply auto-suspension state","status":"passed","title":"round-trips oversupply auto-suspension state","duration":11,"failureMessages":[]}],"startTime":1777644770295,"endTime":1777644770335,"status":"passed","message":"","name":"C:/supply-chain-commander-main/src/core/save/__tests__/SaveManager.productionControl.test.ts"},{"assertionResults":[{"ancestorTitles":["","SaveManager slotMethods round-trip"],"fullName":" SaveManager slotMethods round-trip preserves per-slot method IDs across serialize/deserialize","status":"passed","title":"preserves per-slot method IDs across serialize/deserialize","duration":19,"failureMessages":[]},{"ancestorTitles":["","SaveManager version gate"],"fullName":" SaveManager version gate rejects saves with unsupported version metadata","status":"passed","title":"rejects saves with unsupported version metadata","duration":7,"failureMessages":[]},{"ancestorTitles":["","SaveManager version gate"],"fullName":" SaveManager version gate accepts saves with the current version","status":"passed","title":"accepts saves with the current version","duration":8,"failureMessages":[]}],"startTime":1777644771359,"endTime":1777644771393,"status":"passed","message":"","name":"C:/supply-chain-commander-main/src/core/save/__tests__/SaveManager.slotMethods.test.ts"},{"assertionResults":[{"ancestorTitles":["","SaveManager storage fallback"],"fullName":" SaveManager storage fallback loads and saves settings without logging storage errors when localStorage is unavailable","status":"passed","title":"loads and saves settings without logging storage errors when localStorage is unavailable","duration":3,"failureMessages":[]},{"ancestorTitles":["","SaveManager storage fallback"],"fullName":" SaveManager storage fallback reports zero storage usage when localStorage is unavailable","status":"passed","title":"reports zero storage usage when localStorage is unavailable","duration":1,"failureMessages":[]}],"startTime":1777644777412,"endTime":1777644777416,"status":"passed","message":"","name":"C:/supply-chain-commander-main/src/core/save/__tests__/SaveManager.storageFallback.test.ts"},{"assertionResults":[{"ancestorTitles":["","SaveManager day-model migration"],"fullName":" SaveManager day-model migration serializes new saves with explicit day-based metadata","status":"passed","title":"serializes new saves with explicit day-based metadata","duration":34,"failureMessages":[]},{"ancestorTitles":["","SaveManager day-model migration"],"fullName":" SaveManager day-model migration converts legacy hour ticks to day ticks when loading old saves","status":"passed","title":"converts legacy hour ticks to day ticks when loading old saves","duration":5,"failureMessages":[]}],"startTime":1777644776273,"endTime":1777644776312,"status":"passed","message":"","name":"C:/supply-chain-commander-main/src/core/save/__tests__/SaveManager.timeModel.test.ts"},{"assertionResults":[{"ancestorTitles":["","legacy output mode bridge"],"fullName":" legacy output mode bridge resolves a legacy output mode to the registered slot methods","status":"passed","title":"resolves a legacy output mode to the registered slot methods","duration":4,"failureMessages":[]},{"ancestorTitles":["","legacy output mode bridge"],"fullName":" legacy output mode bridge falls back to default slot methods when a legacy output mode is unknown","status":"passed","title":"falls back to default slot methods when a legacy output mode is unknown","duration":1,"failureMessages":[]}],"startTime":1777644776901,"endTime":1777644776906,"status":"passed","message":"","name":"C:/supply-chain-commander-main/src/core/production/__tests__/legacyOutputModeBridge.test.ts"},{"assertionResults":[{"ancestorTitles":["","ProductionControl automatic adjustments respect manual mode"],"fullName":" ProductionControl automatic adjustments respect manual mode manual mode blocks AI production decision efficiency writes from AIDecisionEngine","status":"passed","title":"manual mode blocks AI production decision efficiency writes from AIDecisionEngine","duration":5,"failureMessages":[]},{"ancestorTitles":["","ProductionControl automatic adjustments respect manual mode"],"fullName":" ProductionControl automatic adjustments respect manual mode auto mode still allows AI production decision efficiency writes from AIDecisionEngine","status":"passed","title":"auto mode still allows AI production decision efficiency writes from AIDecisionEngine","duration":3,"failureMessages":[]},{"ancestorTitles":["","ProductionControl automatic adjustments respect manual mode"],"fullName":" ProductionControl automatic adjustments respect manual mode manual mode keeps manual efficiency when AIDecisionEngine executes upgrade","status":"passed","title":"manual mode keeps manual efficiency when AIDecisionEngine executes upgrade","duration":3,"failureMessages":[]},{"ancestorTitles":["","ProductionControl automatic adjustments respect manual mode"],"fullName":" ProductionControl automatic adjustments respect manual mode auto mode applies upgrade efficiency when AIDecisionEngine executes upgrade","status":"passed","title":"auto mode applies upgrade efficiency when AIDecisionEngine executes upgrade","duration":6,"failureMessages":[]},{"ancestorTitles":["","ProductionControl automatic adjustments respect manual mode"],"fullName":" ProductionControl automatic adjustments respect manual mode manual mode blocks AIOptimizer production efficiency writes","status":"passed","title":"manual mode blocks AIOptimizer production efficiency writes","duration":8,"failureMessages":[]},{"ancestorTitles":["","ProductionControl automatic adjustments respect manual mode"],"fullName":" ProductionControl automatic adjustments respect manual mode auto mode still allows AIOptimizer production efficiency writes","status":"passed","title":"auto mode still allows AIOptimizer production efficiency writes","duration":7,"failureMessages":[]},{"ancestorTitles":["","ProductionControl automatic adjustments respect manual mode"],"fullName":" ProductionControl automatic adjustments respect manual mode manual mode blocks oversupply reduction and recovery efficiency writes","status":"passed","title":"manual mode blocks oversupply reduction and recovery efficiency writes","duration":6,"failureMessages":[]},{"ancestorTitles":["","ProductionControl automatic adjustments respect manual mode"],"fullName":" ProductionControl automatic adjustments respect manual mode auto mode still allows oversupply reduction and recovery efficiency writes","status":"passed","title":"auto mode still allows oversupply reduction and recovery efficiency writes","duration":4,"failureMessages":[]},{"ancestorTitles":["","ProductionControl automatic adjustments respect manual mode"],"fullName":" ProductionControl automatic adjustments respect manual mode treats zero-demand goods with a large real inventory backlog as oversupplied","status":"passed","title":"treats zero-demand goods with a large real inventory backlog as oversupplied","duration":4,"failureMessages":[]},{"ancestorTitles":["","ProductionControl automatic adjustments respect manual mode"],"fullName":" ProductionControl automatic adjustments respect manual mode treats positive-demand goods with extreme inventory coverage as oversupplied","status":"passed","title":"treats positive-demand goods with extreme inventory coverage as oversupplied","duration":5,"failureMessages":[]},{"ancestorTitles":["","ProductionControl automatic adjustments respect manual mode"],"fullName":" ProductionControl automatic adjustments respect manual mode lets automatic oversupply control idle buildings below the manual 0.3 floor when glut persists","status":"passed","title":"lets automatic oversupply control idle buildings below the manual 0.3 floor when glut persists","duration":5,"failureMessages":[]},{"ancestorTitles":["","ProductionControl automatic adjustments respect manual mode"],"fullName":" ProductionControl automatic adjustments respect manual mode automatically suspends minimum-efficiency producers when severe structural oversupply persists","status":"passed","title":"automatically suspends minimum-efficiency producers when severe structural oversupply persists","duration":4,"failureMessages":[]},{"ancestorTitles":["","ProductionControl automatic adjustments respect manual mode"],"fullName":" ProductionControl automatic adjustments respect manual mode reactivates only oversupply-suspended buildings when shortage returns","status":"passed","title":"reactivates only oversupply-suspended buildings when shortage returns","duration":2,"failureMessages":[]},{"ancestorTitles":["","ProductionControl automatic adjustments respect manual mode"],"fullName":" ProductionControl automatic adjustments respect manual mode can fully suspend the last low-efficiency producer when inventory already covers demand for months","status":"passed","title":"can fully suspend the last low-efficiency producer when inventory already covers demand for months","duration":11,"failureMessages":[]}],"startTime":1777644771675,"endTime":1777644771748,"status":"passed","message":"","name":"C:/supply-chain-commander-main/src/core/production/__tests__/ProductionControl.autoAdjust.test.ts"},{"assertionResults":[{"ancestorTitles":["","ProductionControl"],"fullName":" ProductionControl newly added buildings start in auto mode with 1.0 manual target","status":"passed","title":"newly added buildings start in auto mode with 1.0 manual target","duration":7,"failureMessages":[]},{"ancestorTitles":["","ProductionControl"],"fullName":" ProductionControl switching to manual clamps target and syncs live efficiency","status":"passed","title":"switching to manual clamps target and syncs live efficiency","duration":6,"failureMessages":[]},{"ancestorTitles":["","ProductionControl"],"fullName":" ProductionControl allows controlled-company management only with influence_strategy right","status":"passed","title":"allows controlled-company management only with influence_strategy right","duration":4,"failureMessages":[]},{"ancestorTitles":["","ProductionControl"],"fullName":" ProductionControl automatic efficiency helper refuses manual-mode buildings and allows auto-mode buildings","status":"passed","title":"automatic efficiency helper refuses manual-mode buildings and allows auto-mode buildings","duration":12,"failureMessages":[]},{"ancestorTitles":["","ProductionControl"],"fullName":" ProductionControl construction completion initializes new building production-control defaults","status":"passed","title":"construction completion initializes new building production-control defaults","duration":12,"failureMessages":[]}],"startTime":1777644770298,"endTime":1777644770340,"status":"passed","message":"","name":"C:/supply-chain-commander-main/src/core/production/__tests__/ProductionControl.test.ts"},{"assertionResults":[{"ancestorTitles":["","Production energy handling"],"fullName":" Production energy handling does not block production when total notional energy demand exceeds company supply","status":"passed","title":"does not block production when total notional energy demand exceeds company supply","duration":6,"failureMessages":[]}],"startTime":1777644776845,"endTime":1777644776851,"status":"passed","message":"","name":"C:/supply-chain-commander-main/src/core/production/__tests__/ProductionEnergyHandling.test.ts"},{"assertionResults":[{"ancestorTitles":["","ProductionEngine day-model normalization (Vic3 recipe)"],"fullName":" ProductionEngine day-model normalization (Vic3 recipe) default method recipe is available for IRON_MINE","status":"passed","title":"default method recipe is available for IRON_MINE","duration":2,"failureMessages":[]},{"ancestorTitles":["","ProductionEngine day-model normalization (Vic3 recipe)"],"fullName":" ProductionEngine day-model normalization (Vic3 recipe) calculateTheoreticalOutput returns the default-method output amount","status":"passed","title":"calculateTheoreticalOutput returns the default-method output amount","duration":7,"failureMessages":[]},{"ancestorTitles":["","ProductionEngine day-model normalization (Vic3 recipe)"],"fullName":" ProductionEngine day-model normalization (Vic3 recipe) calculateDailyConsumption normalizes default-method inputs to a daily rate","status":"passed","title":"calculateDailyConsumption normalizes default-method inputs to a daily rate","duration":1,"failureMessages":[]},{"ancestorTitles":["","ProductionEngine day-model normalization (Vic3 recipe)"],"fullName":" ProductionEngine day-model normalization (Vic3 recipe) building production variants expose outputs from method configs","status":"passed","title":"building production variants expose outputs from method configs","duration":1,"failureMessages":[]}],"startTime":1777644772870,"endTime":1777644772881,"status":"passed","message":"","name":"C:/supply-chain-commander-main/src/core/production/__tests__/ProductionEngine.dayModel.test.ts"},{"assertionResults":[{"ancestorTitles":["","ProductionEngine market pressure accounting"],"fullName":" ProductionEngine market pressure accounting removes supply pressure when company inventory is moved into building input buffers","status":"passed","title":"removes supply pressure when company inventory is moved into building input buffers","duration":6,"failureMessages":[]}],"startTime":1777644774450,"endTime":1777644774456,"status":"passed","message":"","name":"C:/supply-chain-commander-main/src/core/production/__tests__/ProductionEngine.marketPressure.test.ts"},{"assertionResults":[{"ancestorTitles":["","Vic3 method recipe"],"fullName":" Vic3 method recipe default method recipe sums slot deltas (Vic3 风格)","status":"passed","title":"default method recipe sums slot deltas (Vic3 风格)","duration":3,"failureMessages":[]},{"ancestorTitles":["","Vic3 method recipe"],"fullName":" Vic3 method recipe every registered building has a default method","status":"passed","title":"every registered building has a default method","duration":0,"failureMessages":[]},{"ancestorTitles":["","Vic3 method recipe"],"fullName":" Vic3 method recipe resolves a legacy output mode through the registered production variants","status":"passed","title":"resolves a legacy output mode through the registered production variants","duration":1,"failureMessages":[]},{"ancestorTitles":["","Vic3 method recipe"],"fullName":" Vic3 method recipe preserves legacy production cadence when auto-generated methods become variants","status":"passed","title":"preserves legacy production cadence when auto-generated methods become variants","duration":0,"failureMessages":[]}],"startTime":1777644772861,"endTime":1777644772865,"status":"passed","message":"","name":"C:/supply-chain-commander-main/src/core/production/__tests__/ProductionMethods.buildingSpecific.test.ts"},{"assertionResults":[{"ancestorTitles":["","SoundManager"],"fullName":" SoundManager does not leak unhandled rejections when a sound fails to load during play","status":"passed","title":"does not leak unhandled rejections when a sound fails to load during play","duration":288,"failureMessages":[]}],"startTime":1777644771943,"endTime":1777644772231,"status":"passed","message":"","name":"C:/supply-chain-commander-main/src/core/sound/__tests__/SoundManager.test.ts"},{"assertionResults":[{"ancestorTitles":["","GameWorld day-based time model"],"fullName":" GameWorld day-based time model defines one tick as one day while preserving the legacy hour conversion helper","status":"passed","title":"defines one tick as one day while preserving the legacy hour conversion helper","duration":1,"failureMessages":[]},{"ancestorTitles":["","GameWorld day-based time model"],"fullName":" GameWorld day-based time model formats dates without an hour field","status":"passed","title":"formats dates without an hour field","duration":2,"failureMessages":[]},{"ancestorTitles":["","GameWorld day-based time model"],"fullName":" GameWorld day-based time model provides short day-based labels for charts and lists","status":"passed","title":"provides short day-based labels for charts and lists","duration":0,"failureMessages":[]}],"startTime":1777644776542,"endTime":1777644776545,"status":"passed","message":"","name":"C:/supply-chain-commander-main/src/core/world/__tests__/GameWorld.timeModel.test.ts"},{"assertionResults":[{"ancestorTitles":["","seedInventoryBackedSellOrders"],"fullName":" seedInventoryBackedSellOrders skips sellers that do not have enough real inventory","status":"passed","title":"skips sellers that do not have enough real inventory","duration":20,"failureMessages":[]},{"ancestorTitles":["","seedInventoryBackedSellOrders"],"fullName":" seedInventoryBackedSellOrders creates sell orders only from already-held inventory","status":"passed","title":"creates sell orders only from already-held inventory","duration":17,"failureMessages":[]},{"ancestorTitles":["","seedInventoryBackedSellOrders"],"fullName":" seedInventoryBackedSellOrders finds bootstrap buyers only for AI companies that actually consume the goods","status":"passed","title":"finds bootstrap buyers only for AI companies that actually consume the goods","duration":22,"failureMessages":[]}],"startTime":1777644771355,"endTime":1777644771414,"status":"passed","message":"","name":"C:/supply-chain-commander-main/src/core/world/__tests__/MarketBootstrap.test.ts"},{"assertionResults":[{"ancestorTitles":["","AI bootstrap production coverage"],"fullName":" AI bootstrap production coverage covers the advanced goods that were previously left cold at startup","status":"passed","title":"covers the advanced goods that were previously left cold at startup","duration":5,"failureMessages":[]}],"startTime":1777644775635,"endTime":1777644775640,"status":"passed","message":"","name":"C:/supply-chain-commander-main/src/core/world/__tests__/WorldInitializer.coverage.test.ts"},{"assertionResults":[{"ancestorTitles":["","WorldInitializer retail bootstrap"],"fullName":" WorldInitializer retail bootstrap registers one valid convenience store with zero startup stock","status":"passed","title":"registers one valid convenience store with zero startup stock","duration":87,"failureMessages":[]},{"ancestorTitles":["","WorldInitializer retail bootstrap"],"fullName":" WorldInitializer retail bootstrap seeds AI building-material inventories from the current 80-goods catalog","status":"passed","title":"seeds AI building-material inventories from the current 80-goods catalog","duration":50,"failureMessages":[]},{"ancestorTitles":["","WorldInitializer retail bootstrap"],"fullName":" WorldInitializer retail bootstrap does not seed more than a one-week steel buy backlog for any AI company at startup","status":"passed","title":"does not seed more than a one-week steel buy backlog for any AI company at startup","duration":62,"failureMessages":[]}],"startTime":1777644771062,"endTime":1777644771261,"status":"passed","message":"","name":"C:/supply-chain-commander-main/src/core/world/__tests__/WorldInitializer.market.test.ts"},{"assertionResults":[{"ancestorTitles":["","WorldInitializer explicit slot methods"],"fullName":" WorldInitializer explicit slot methods applies explicit slot methods when creating a building","status":"passed","title":"applies explicit slot methods when creating a building","duration":6,"failureMessages":[]}],"startTime":1777644775625,"endTime":1777644775631,"status":"passed","message":"","name":"C:/supply-chain-commander-main/src/core/world/__tests__/WorldInitializer.slotMethods.test.ts"},{"assertionResults":[{"ancestorTitles":["","getNewsDialogAutoCloseDelay"],"fullName":" getNewsDialogAutoCloseDelay uses a 5 second delay for auto-opened reports","status":"passed","title":"uses a 5 second delay for auto-opened reports","duration":2,"failureMessages":[]},{"ancestorTitles":["","getNewsDialogAutoCloseDelay"],"fullName":" getNewsDialogAutoCloseDelay does not auto-close manually opened reports","status":"passed","title":"does not auto-close manually opened reports","duration":0,"failureMessages":[]}],"startTime":1777644778204,"endTime":1777644778206,"status":"passed","message":"","name":"C:/supply-chain-commander-main/src/ui/components/News/NewsDialog.test.tsx"},{"assertionResults":[{"ancestorTitles":["","getResponsiveState"],"fullName":" getResponsiveState classifies narrow desktop separately from tablet and wide desktop","status":"passed","title":"classifies narrow desktop separately from tablet and wide desktop","duration":1,"failureMessages":[]},{"ancestorTitles":["","getResponsiveState"],"fullName":" getResponsiveState keeps tablet widths out of desktop mode","status":"passed","title":"keeps tablet widths out of desktop mode","duration":0,"failureMessages":[]},{"ancestorTitles":["","getResponsiveState"],"fullName":" getResponsiveState marks xl and 2xl ranges using declared breakpoints","status":"passed","title":"marks xl and 2xl ranges using declared breakpoints","duration":0,"failureMessages":[]}],"startTime":1777644776323,"endTime":1777644776324,"status":"passed","message":"","name":"C:/supply-chain-commander-main/src/ui/hooks/__tests__/useMobile.test.ts"},{"assertionResults":[{"ancestorTitles":["","getDashboardLayoutMode"],"fullName":" getDashboardLayoutMode prefers the narrow desktop layout when only the narrow desktop flag is set","status":"passed","title":"prefers the narrow desktop layout when only the narrow desktop flag is set","duration":1,"failureMessages":[]},{"ancestorTitles":["","getDashboardLayoutMode"],"fullName":" getDashboardLayoutMode keeps mobile and tablet layouts ahead of desktop variants","status":"passed","title":"keeps mobile and tablet layouts ahead of desktop variants","duration":0,"failureMessages":[]},{"ancestorTitles":["","getDashboardLayoutMode"],"fullName":" getDashboardLayoutMode falls back to wide desktop when no compact mode matches","status":"passed","title":"falls back to wide desktop when no compact mode matches","duration":0,"failureMessages":[]}],"startTime":1777644777155,"endTime":1777644777157,"status":"passed","message":"","name":"C:/supply-chain-commander-main/src/ui/pages/__tests__/Dashboard.layout.test.ts"},{"assertionResults":[{"ancestorTitles":["","Finance"],"fullName":" Finance renders income statement numbers from the shared financial snapshot instead of raw trades","status":"passed","title":"renders income statement numbers from the shared financial snapshot instead of raw trades","duration":18,"failureMessages":[]}],"startTime":1777644770456,"endTime":1777644770474,"status":"passed","message":"","name":"C:/supply-chain-commander-main/src/ui/pages/__tests__/Finance.financialSnapshot.test.tsx"},{"assertionResults":[{"ancestorTitles":["","buildSupplyDemandData"],"fullName":" buildSupplyDemandData uses deterministic world supply and demand instead of synthetic placeholder history","status":"passed","title":"uses deterministic world supply and demand instead of synthetic placeholder history","duration":6,"failureMessages":[]}],"startTime":1777644772643,"endTime":1777644772649,"status":"passed","message":"","name":"C:/supply-chain-commander-main/src/ui/pages/__tests__/Market.supplyDemandData.test.ts"},{"assertionResults":[{"ancestorTitles":["","shouldUseCompactFinanceLayout"],"fullName":" shouldUseCompactFinanceLayout enables compact finance layout for tablet and narrow desktop only","status":"passed","title":"enables compact finance layout for tablet and narrow desktop only","duration":2,"failureMessages":[]},{"ancestorTitles":["","shouldUseCompactRetailLayout"],"fullName":" shouldUseCompactRetailLayout keeps retail compact on mobile, tablet, and narrow desktop","status":"passed","title":"keeps retail compact on mobile, tablet, and narrow desktop","duration":1,"failureMessages":[]},{"ancestorTitles":["","shouldUseCompactNewsLayout"],"fullName":" shouldUseCompactNewsLayout keeps news controls compact on mobile and narrow desktop","status":"passed","title":"keeps news controls compact on mobile and narrow desktop","duration":0,"failureMessages":[]},{"ancestorTitles":["","shouldUseCompactSettingsLayout"],"fullName":" shouldUseCompactSettingsLayout treats mobile, tablet, and narrow desktop as compact settings layouts","status":"passed","title":"treats mobile, tablet, and narrow desktop as compact settings layouts","duration":0,"failureMessages":[]},{"ancestorTitles":["","shouldUseOverlayCompanyDetail"],"fullName":" shouldUseOverlayCompanyDetail opens company detail as an overlay on mobile, tablet, and narrow desktop","status":"passed","title":"opens company detail as an overlay on mobile, tablet, and narrow desktop","duration":0,"failureMessages":[]},{"ancestorTitles":["","shouldUseCompactStockMarketLayout"],"fullName":" shouldUseCompactStockMarketLayout keeps the stock market compact on tablet and narrow desktop","status":"passed","title":"keeps the stock market compact on tablet and narrow desktop","duration":1,"failureMessages":[]}],"startTime":1777644770830,"endTime":1777644770835,"status":"passed","message":"","name":"C:/supply-chain-commander-main/src/ui/pages/__tests__/responsivePageLayout.test.ts"},{"assertionResults":[{"ancestorTitles":["","format day-based time strings"],"fullName":" format day-based time strings renders day-sized ticks without hours","status":"passed","title":"renders day-sized ticks without hours","duration":2,"failureMessages":[]},{"ancestorTitles":["","format currency strings"],"fullName":" format currency strings keeps sub-1K amounts in yuan and uses K for larger values","status":"passed","title":"keeps sub-1K amounts in yuan and uses K for larger values","duration":1,"failureMessages":[]}],"startTime":1777644777783,"endTime":1777644777787,"status":"passed","message":"","name":"C:/supply-chain-commander-main/src/ui/utils/__tests__/format.dayModel.test.ts"},{"assertionResults":[{"ancestorTitles":["","calculateProductionPlan time model"],"fullName":" calculateProductionPlan time model sizes required buildings with the current ticks-per-day value","status":"passed","title":"sizes required buildings with the current ticks-per-day value","duration":7,"failureMessages":[]}],"startTime":1777644773600,"endTime":1777644773607,"status":"passed","message":"","name":"C:/supply-chain-commander-main/src/ui/utils/__tests__/supplyChainUtils.timeModel.test.ts"},{"assertionResults":[{"ancestorTitles":["","BankruptcyResolutionPanel"],"fullName":" BankruptcyResolutionPanel renders day-based event cards and exposes confirmation actions","status":"passed","title":"renders day-based event cards and exposes confirmation actions","duration":25,"failureMessages":[]},{"ancestorTitles":["","BankruptcyResolutionPanel"],"fullName":" BankruptcyResolutionPanel shows no-bid copy and closed-auction guidance instead of a zero bid price","status":"passed","title":"shows no-bid copy and closed-auction guidance instead of a zero bid price","duration":1,"failureMessages":[]}],"startTime":1777644769837,"endTime":1777644769863,"status":"passed","message":"","name":"C:/supply-chain-commander-main/src/ui/components/Finance/__tests__/BankruptcyResolutionPanel.test.tsx"},{"assertionResults":[{"ancestorTitles":["","buildStockPriceHistory"],"fullName":" buildStockPriceHistory builds a deterministic session series from actual stock summary values","status":"passed","title":"builds a deterministic session series from actual stock summary values","duration":1,"failureMessages":[]}],"startTime":1777644774766,"endTime":1777644774767,"status":"passed","message":"","name":"C:/supply-chain-commander-main/src/ui/components/Finance/__tests__/StockMarketPanel.priceHistory.test.ts"},{"assertionResults":[{"ancestorTitles":["","getBuildingIcon"],"fullName":" getBuildingIcon matches icons to the current building definitions instead of stale numeric positions","status":"passed","title":"matches icons to the current building definitions instead of stale numeric positions","duration":2,"failureMessages":[]}],"startTime":1777644777311,"endTime":1777644777313,"status":"passed","message":"","name":"C:/supply-chain-commander-main/src/ui/components/Icons/__tests__/buildingIconMap.test.ts"},{"assertionResults":[{"ancestorTitles":["","BuildingCard"],"fullName":" BuildingCard shows only operating-cost loss when the building is paused","status":"passed","title":"shows only operating-cost loss when the building is paused","duration":9,"failureMessages":[]},{"ancestorTitles":["","BuildingCard"],"fullName":" BuildingCard keeps showing positive estimated profit when the building is active","status":"passed","title":"keeps showing positive estimated profit when the building is active","duration":1,"failureMessages":[]}],"startTime":1777644771312,"endTime":1777644771322,"status":"passed","message":"","name":"C:/supply-chain-commander-main/src/ui/components/Production/__tests__/BuildingCard.test.tsx"},{"assertionResults":[{"ancestorTitles":["","BuildingDetailPanel daily rates"],"fullName":" BuildingDetailPanel daily rates shows daily input and output amounts using the current day model","status":"passed","title":"shows daily input and output amounts using the current day model","duration":8,"failureMessages":[]}],"startTime":1777644769921,"endTime":1777644769929,"status":"passed","message":"","name":"C:/supply-chain-commander-main/src/ui/components/Production/__tests__/BuildingDetailPanel.dailyRates.test.tsx"},{"assertionResults":[{"ancestorTitles":["","BuildingProductionControlInline helpers"],"fullName":" BuildingProductionControlInline helpers builds an auto-mode view model without showing the manual slider","status":"passed","title":"builds an auto-mode view model without showing the manual slider","duration":2,"failureMessages":[]},{"ancestorTitles":["","BuildingProductionControlInline helpers"],"fullName":" BuildingProductionControlInline helpers builds a manual-mode view model with slider bounds and permission hint","status":"passed","title":"builds a manual-mode view model with slider bounds and permission hint","duration":1,"failureMessages":[]},{"ancestorTitles":["","BuildingProductionControlInline helpers"],"fullName":" BuildingProductionControlInline helpers stops event propagation so card controls do not trigger parent selection","status":"passed","title":"stops event propagation so card controls do not trigger parent selection","duration":1,"failureMessages":[]},{"ancestorTitles":["","BuildingProductionControlInline helpers"],"fullName":" BuildingProductionControlInline helpers uses bubble-phase event handlers so inner controls still receive clicks","status":"passed","title":"uses bubble-phase event handlers so inner controls still receive clicks","duration":0,"failureMessages":[]}],"startTime":1777644772597,"endTime":1777644772601,"status":"passed","message":"","name":"C:/supply-chain-commander-main/src/ui/components/Production/__tests__/BuildingProductionControlInline.helpers.test.ts"},{"assertionResults":[{"ancestorTitles":["","ProductionMethodsPanel"],"fullName":" ProductionMethodsPanel renders final combined recipe with non-production slot effects included","status":"passed","title":"renders final combined recipe with non-production slot effects included","duration":12,"failureMessages":[]}],"startTime":1777644771405,"endTime":1777644771417,"status":"passed","message":"","name":"C:/supply-chain-commander-main/src/ui/components/Production/__tests__/ProductionMethodsPanel.test.tsx"},{"assertionResults":[{"ancestorTitles":["","ProductionOverview time model"],"fullName":" ProductionOverview time model reports day-range output and profit with the current ticks-per-day value","status":"passed","title":"reports day-range output and profit with the current ticks-per-day value","duration":9,"failureMessages":[]},{"ancestorTitles":["","ProductionOverview time model"],"fullName":" ProductionOverview time model derives total building count from the current world instead of cached store count","status":"passed","title":"derives total building count from the current world instead of cached store count","duration":1,"failureMessages":[]}],"startTime":1777644771562,"endTime":1777644771572,"status":"passed","message":"","name":"C:/supply-chain-commander-main/src/ui/components/Production/__tests__/ProductionOverview.timeModel.test.tsx"},{"assertionResults":[{"ancestorTitles":["","GameStatisticsPanel"],"fullName":" GameStatisticsPanel shows net worth and assets from the shared snapshot without double-counting inventory","status":"passed","title":"shows net worth and assets from the shared snapshot without double-counting inventory","duration":10,"failureMessages":[]}],"startTime":1777644773046,"endTime":1777644773056,"status":"passed","message":"","name":"C:/supply-chain-commander-main/src/ui/components/Statistics/__tests__/GameStatisticsPanel.financialSnapshot.test.tsx"},{"assertionResults":[{"ancestorTitles":["","GameStatisticsPanel market data"],"fullName":" GameStatisticsPanel market data shows actual trade volume from world data instead of a random estimate","status":"passed","title":"shows actual trade volume from world data instead of a random estimate","duration":10,"failureMessages":[]}],"startTime":1777644773299,"endTime":1777644773309,"status":"passed","message":"","name":"C:/supply-chain-commander-main/src/ui/components/Statistics/__tests__/GameStatisticsPanel.marketData.test.tsx"},{"assertionResults":[{"ancestorTitles":["","useDashboardData"],"fullName":" useDashboardData uses the shared snapshot for net worth and daily profit","status":"passed","title":"uses the shared snapshot for net worth and daily profit","duration":8,"failureMessages":[]}],"startTime":1777644773751,"endTime":1777644773759,"status":"passed","message":"","name":"C:/supply-chain-commander-main/src/ui/components/Dashboard/hooks/__tests__/useDashboardData.financialSnapshot.test.tsx"}]}